<?xml version="1.0" encoding="UTF-8"?>
<!-- Generated by org.testng.reporters.JUnitReportReporter -->
<testsuite skipped="0" hostname="DESKTOP-1AGNC2D" name="sample.Sampletest" tests="1" failures="0" timestamp="05 Oct 2019 11:07:47 GMT" time="9.638" errors="0">
  <testcase name="firsttest" time="9.638" classname="sample.Sampletest"/>
</testsuite> <!-- sample.Sampletest -->
